# JRE version: OpenJDK Runtime Environment (17.0.10+7) (build 17.0.10+7-Ubuntu-122.04.1)
# Java VM: OpenJDK 64-Bit Server VM (17.0.10+7-Ubuntu-122.04.1, mixed mode, emulated-client, sharing, tiered, compressed oops, compressed class ptrs, g1 gc, linux-amd64)
Heap:
 garbage-first heap   total 81920K, used 52657K [0x000000060b400000, 0x0000000800000000)
  region size 4096K, 12 young (49152K), 3 survivors (12288K)
 Metaspace       used 25332K, committed 25728K, reserved 1114112K
  class space    used 3528K, committed 3712K, reserved 1048576K
GC Heap History (10 events):
Event: 0,360 GC heap before
{Heap before GC invocations=0 (full 0):
 garbage-first heap   total 524288K, used 28592K [0x000000060b400000, 0x0000000800000000)
  region size 4096K, 6 young (24576K), 0 survivors (0K)
 Metaspace       used 5955K, committed 6208K, reserved 1114112K
  class space    used 844K, committed 960K, reserved 1048576K
}
Event: 0,362 GC heap after
{Heap after GC invocations=1 (full 0):
 garbage-first heap   total 524288K, used 8083K [0x000000060b400000, 0x0000000800000000)
  region size 4096K, 1 young (4096K), 1 survivors (4096K)
 Metaspace       used 5955K, committed 6208K, reserved 1114112K
  class space    used 844K, committed 960K, reserved 1048576K
}
Event: 0,497 GC heap before
{Heap before GC invocations=1 (full 0):
 garbage-first heap   total 524288K, used 32659K [0x000000060b400000, 0x0000000800000000)
  region size 4096K, 7 young (28672K), 1 survivors (4096K)
 Metaspace       used 11505K, committed 11840K, reserved 1114112K
  class space    used 1559K, committed 1728K, reserved 1048576K
}
Event: 0,499 GC heap after
{Heap after GC invocations=2 (full 0):
 garbage-first heap   total 524288K, used 9715K [0x000000060b400000, 0x0000000800000000)
  region size 4096K, 1 young (4096K), 1 survivors (4096K)
 Metaspace       used 11505K, committed 11840K, reserved 1114112K
  class space    used 1559K, committed 1728K, reserved 1048576K
}
Event: 0,961 GC heap before
{Heap before GC invocations=2 (full 0):
 garbage-first heap   total 524288K, used 62963K [0x000000060b400000, 0x0000000800000000)
  region size 4096K, 14 young (57344K), 1 survivors (4096K)
 Metaspace       used 20451K, committed 20800K, reserved 1114112K
  class space    used 2864K, committed 3008K, reserved 1048576K
}
Event: 0,964 GC heap after
{Heap after GC invocations=3 (full 0):
 garbage-first heap   total 524288K, used 14108K [0x000000060b400000, 0x0000000800000000)
  region size 4096K, 2 young (8192K), 2 survivors (8192K)
 Metaspace       used 20451K, committed 20800K, reserved 1114112K
  class space    used 2864K, committed 3008K, reserved 1048576K
}
Event: 0,994 GC heap before
{Heap before GC invocations=3 (full 0):
 garbage-first heap   total 524288K, used 14108K [0x000000060b400000, 0x0000000800000000)
  region size 4096K, 3 young (12288K), 2 survivors (8192K)
 Metaspace       used 21211K, committed 21504K, reserved 1114112K
  class space    used 2941K, committed 3072K, reserved 1048576K
}
Event: 0,997 GC heap after
{Heap after GC invocations=4 (full 0):
 garbage-first heap   total 524288K, used 14722K [0x000000060b400000, 0x0000000800000000)
  region size 4096K, 2 young (8192K), 2 survivors (8192K)
 Metaspace       used 21211K, committed 21504K, reserved 1114112K
  class space    used 2941K, committed 3072K, reserved 1048576K
}
Event: 1,225 GC heap before
{Heap before GC invocations=5 (full 0):
 garbage-first heap   total 81920K, used 55682K [0x000000060b400000, 0x0000000800000000)
  region size 4096K, 13 young (53248K), 2 survivors (8192K)
 Metaspace       used 23665K, committed 24064K, reserved 1114112K
  class space    used 3292K, committed 3456K, reserved 1048576K
}
Event: 1,229 GC heap after
{Heap after GC invocations=6 (full 0):
 garbage-first heap   total 81920K, used 17774K [0x000000060b400000, 0x0000000800000000)
  region size 4096K, 3 young (12288K), 3 survivors (12288K)
 Metaspace       used 23665K, committed 24064K, reserved 1114112K
  class space    used 3292K, committed 3456K, reserved 1048576K
}

