# JRE version: OpenJDK Runtime Environment (17.0.10+7) (build 17.0.10+7-Ubuntu-122.04.1)
# Java VM: OpenJDK 64-Bit Server VM (17.0.10+7-Ubuntu-122.04.1, mixed mode, emulated-client, sharing, tiered, compressed oops, compressed class ptrs, g1 gc, linux-amd64)
Heap:
 garbage-first heap   total 81920K, used 36765K [0x000000060b400000, 0x0000000800000000)
  region size 4096K, 6 young (24576K), 1 survivors (4096K)
 Metaspace       used 33178K, committed 33664K, reserved 1114112K
  class space    used 4509K, committed 4736K, reserved 1048576K
GC Heap History (12 events):
Event: 0,330 GC heap before
{Heap before GC invocations=0 (full 0):
 garbage-first heap   total 524288K, used 28592K [0x000000060b400000, 0x0000000800000000)
  region size 4096K, 6 young (24576K), 0 survivors (0K)
 Metaspace       used 5907K, committed 6144K, reserved 1114112K
  class space    used 837K, committed 960K, reserved 1048576K
}
Event: 0,332 GC heap after
{Heap after GC invocations=1 (full 0):
 garbage-first heap   total 524288K, used 8070K [0x000000060b400000, 0x0000000800000000)
  region size 4096K, 1 young (4096K), 1 survivors (4096K)
 Metaspace       used 5907K, committed 6144K, reserved 1114112K
  class space    used 837K, committed 960K, reserved 1048576K
}
Event: 0,471 GC heap before
{Heap before GC invocations=1 (full 0):
 garbage-first heap   total 524288K, used 32646K [0x000000060b400000, 0x0000000800000000)
  region size 4096K, 7 young (28672K), 1 survivors (4096K)
 Metaspace       used 11516K, committed 11840K, reserved 1114112K
  class space    used 1559K, committed 1728K, reserved 1048576K
}
Event: 0,473 GC heap after
{Heap after GC invocations=2 (full 0):
 garbage-first heap   total 524288K, used 9619K [0x000000060b400000, 0x0000000800000000)
  region size 4096K, 1 young (4096K), 1 survivors (4096K)
 Metaspace       used 11516K, committed 11840K, reserved 1114112K
  class space    used 1559K, committed 1728K, reserved 1048576K
}
Event: 0,933 GC heap before
{Heap before GC invocations=2 (full 0):
 garbage-first heap   total 524288K, used 62867K [0x000000060b400000, 0x0000000800000000)
  region size 4096K, 14 young (57344K), 1 survivors (4096K)
 Metaspace       used 20218K, committed 20608K, reserved 1114112K
  class space    used 2840K, committed 3008K, reserved 1048576K
}
Event: 0,936 GC heap after
{Heap after GC invocations=3 (full 0):
 garbage-first heap   total 524288K, used 14043K [0x000000060b400000, 0x0000000800000000)
  region size 4096K, 2 young (8192K), 2 survivors (8192K)
 Metaspace       used 20218K, committed 20608K, reserved 1114112K
  class space    used 2840K, committed 3008K, reserved 1048576K
}
Event: 0,969 GC heap before
{Heap before GC invocations=3 (full 0):
 garbage-first heap   total 524288K, used 14043K [0x000000060b400000, 0x0000000800000000)
  region size 4096K, 3 young (12288K), 2 survivors (8192K)
 Metaspace       used 21121K, committed 21504K, reserved 1114112K
  class space    used 2932K, committed 3136K, reserved 1048576K
}
Event: 0,971 GC heap after
{Heap after GC invocations=4 (full 0):
 garbage-first heap   total 524288K, used 14621K [0x000000060b400000, 0x0000000800000000)
  region size 4096K, 2 young (8192K), 2 survivors (8192K)
 Metaspace       used 21121K, committed 21504K, reserved 1114112K
  class space    used 2932K, committed 3136K, reserved 1048576K
}
Event: 1,188 GC heap before
{Heap before GC invocations=5 (full 0):
 garbage-first heap   total 81920K, used 55581K [0x000000060b400000, 0x0000000800000000)
  region size 4096K, 13 young (53248K), 2 survivors (8192K)
 Metaspace       used 23665K, committed 24128K, reserved 1114112K
  class space    used 3293K, committed 3520K, reserved 1048576K
}
Event: 1,192 GC heap after
{Heap after GC invocations=6 (full 0):
 garbage-first heap   total 81920K, used 17357K [0x000000060b400000, 0x0000000800000000)
  region size 4096K, 3 young (12288K), 3 survivors (12288K)
 Metaspace       used 23665K, committed 24128K, reserved 1114112K
  class space    used 3293K, committed 3520K, reserved 1048576K
}
Event: 4,744 GC heap before
{Heap before GC invocations=6 (full 0):
 garbage-first heap   total 81920K, used 50125K [0x000000060b400000, 0x0000000800000000)
  region size 4096K, 12 young (49152K), 3 survivors (12288K)
 Metaspace       used 25980K, committed 26496K, reserved 1114112K
  class space    used 3606K, committed 3840K, reserved 1048576K
}
Event: 4,748 GC heap after
{Heap after GC invocations=7 (full 0):
 garbage-first heap   total 81920K, used 17312K [0x000000060b400000, 0x0000000800000000)
  region size 4096K, 1 young (4096K), 1 survivors (4096K)
 Metaspace       used 25980K, committed 26496K, reserved 1114112K
  class space    used 3606K, committed 3840K, reserved 1048576K
}

