# JRE version: OpenJDK Runtime Environment (17.0.10+7) (build 17.0.10+7-Ubuntu-122.04.1)
# Java VM: OpenJDK 64-Bit Server VM (17.0.10+7-Ubuntu-122.04.1, mixed mode, emulated-client, sharing, tiered, compressed oops, compressed class ptrs, g1 gc, linux-amd64)
Heap:
 garbage-first heap   total 81920K, used 36691K [0x000000060b400000, 0x0000000800000000)
  region size 4096K, 6 young (24576K), 1 survivors (4096K)
 Metaspace       used 33196K, committed 33664K, reserved 1114112K
  class space    used 4511K, committed 4736K, reserved 1048576K
GC Heap History (12 events):
Event: 0,339 GC heap before
{Heap before GC invocations=0 (full 0):
 garbage-first heap   total 524288K, used 28592K [0x000000060b400000, 0x0000000800000000)
  region size 4096K, 6 young (24576K), 0 survivors (0K)
 Metaspace       used 5907K, committed 6144K, reserved 1114112K
  class space    used 837K, committed 960K, reserved 1048576K
}
Event: 0,341 GC heap after
{Heap after GC invocations=1 (full 0):
 garbage-first heap   total 524288K, used 8051K [0x000000060b400000, 0x0000000800000000)
  region size 4096K, 1 young (4096K), 1 survivors (4096K)
 Metaspace       used 5907K, committed 6144K, reserved 1114112K
  class space    used 837K, committed 960K, reserved 1048576K
}
Event: 0,480 GC heap before
{Heap before GC invocations=1 (full 0):
 garbage-first heap   total 524288K, used 28531K [0x000000060b400000, 0x0000000800000000)
  region size 4096K, 7 young (28672K), 1 survivors (4096K)
 Metaspace       used 11461K, committed 11712K, reserved 1114112K
  class space    used 1555K, committed 1664K, reserved 1048576K
}
Event: 0,483 GC heap after
{Heap after GC invocations=2 (full 0):
 garbage-first heap   total 524288K, used 9712K [0x000000060b400000, 0x0000000800000000)
  region size 4096K, 1 young (4096K), 1 survivors (4096K)
 Metaspace       used 11461K, committed 11712K, reserved 1114112K
  class space    used 1555K, committed 1664K, reserved 1048576K
}
Event: 0,939 GC heap before
{Heap before GC invocations=2 (full 0):
 garbage-first heap   total 524288K, used 62960K [0x000000060b400000, 0x0000000800000000)
  region size 4096K, 14 young (57344K), 1 survivors (4096K)
 Metaspace       used 20343K, committed 20672K, reserved 1114112K
  class space    used 2855K, committed 3008K, reserved 1048576K
}
Event: 0,942 GC heap after
{Heap after GC invocations=3 (full 0):
 garbage-first heap   total 524288K, used 14052K [0x000000060b400000, 0x0000000800000000)
  region size 4096K, 2 young (8192K), 2 survivors (8192K)
 Metaspace       used 20343K, committed 20672K, reserved 1114112K
  class space    used 2855K, committed 3008K, reserved 1048576K
}
Event: 0,976 GC heap before
{Heap before GC invocations=3 (full 0):
 garbage-first heap   total 524288K, used 14052K [0x000000060b400000, 0x0000000800000000)
  region size 4096K, 3 young (12288K), 2 survivors (8192K)
 Metaspace       used 21222K, committed 21504K, reserved 1114112K
  class space    used 2942K, committed 3072K, reserved 1048576K
}
Event: 0,978 GC heap after
{Heap after GC invocations=4 (full 0):
 garbage-first heap   total 524288K, used 14690K [0x000000060b400000, 0x0000000800000000)
  region size 4096K, 2 young (8192K), 2 survivors (8192K)
 Metaspace       used 21222K, committed 21504K, reserved 1114112K
  class space    used 2942K, committed 3072K, reserved 1048576K
}
Event: 1,195 GC heap before
{Heap before GC invocations=5 (full 0):
 garbage-first heap   total 81920K, used 55650K [0x000000060b400000, 0x0000000800000000)
  region size 4096K, 13 young (53248K), 2 survivors (8192K)
 Metaspace       used 23665K, committed 24064K, reserved 1114112K
  class space    used 3293K, committed 3456K, reserved 1048576K
}
Event: 1,199 GC heap after
{Heap after GC invocations=6 (full 0):
 garbage-first heap   total 81920K, used 17757K [0x000000060b400000, 0x0000000800000000)
  region size 4096K, 3 young (12288K), 3 survivors (12288K)
 Metaspace       used 23665K, committed 24064K, reserved 1114112K
  class space    used 3293K, committed 3456K, reserved 1048576K
}
Event: 3,242 GC heap before
{Heap before GC invocations=6 (full 0):
 garbage-first heap   total 81920K, used 50525K [0x000000060b400000, 0x0000000800000000)
  region size 4096K, 12 young (49152K), 3 survivors (12288K)
 Metaspace       used 25979K, committed 26432K, reserved 1114112K
  class space    used 3605K, committed 3776K, reserved 1048576K
}
Event: 3,245 GC heap after
{Heap after GC invocations=7 (full 0):
 garbage-first heap   total 81920K, used 17120K [0x000000060b400000, 0x0000000800000000)
  region size 4096K, 1 young (4096K), 1 survivors (4096K)
 Metaspace       used 25979K, committed 26432K, reserved 1114112K
  class space    used 3605K, committed 3776K, reserved 1048576K
}

