# JRE version: OpenJDK Runtime Environment (17.0.10+7) (build 17.0.10+7-Ubuntu-122.04.1)
# Java VM: OpenJDK 64-Bit Server VM (17.0.10+7-Ubuntu-122.04.1, mixed mode, emulated-client, sharing, tiered, compressed oops, compressed class ptrs, g1 gc, linux-amd64)
Heap:
 garbage-first heap   total 81920K, used 54268K [0x000000060b400000, 0x0000000800000000)
  region size 4096K, 12 young (49152K), 3 survivors (12288K)
 Metaspace       used 25282K, committed 25664K, reserved 1114112K
  class space    used 3519K, committed 3712K, reserved 1048576K
GC Heap History (10 events):
Event: 0,344 GC heap before
{Heap before GC invocations=0 (full 0):
 garbage-first heap   total 524288K, used 28592K [0x000000060b400000, 0x0000000800000000)
  region size 4096K, 6 young (24576K), 0 survivors (0K)
 Metaspace       used 5969K, committed 6208K, reserved 1114112K
  class space    used 848K, committed 960K, reserved 1048576K
}
Event: 0,346 GC heap after
{Heap after GC invocations=1 (full 0):
 garbage-first heap   total 524288K, used 8053K [0x000000060b400000, 0x0000000800000000)
  region size 4096K, 1 young (4096K), 1 survivors (4096K)
 Metaspace       used 5969K, committed 6208K, reserved 1114112K
  class space    used 848K, committed 960K, reserved 1048576K
}
Event: 0,479 GC heap before
{Heap before GC invocations=1 (full 0):
 garbage-first heap   total 524288K, used 32629K [0x000000060b400000, 0x0000000800000000)
  region size 4096K, 7 young (28672K), 1 survivors (4096K)
 Metaspace       used 11516K, committed 11840K, reserved 1114112K
  class space    used 1560K, committed 1728K, reserved 1048576K
}
Event: 0,482 GC heap after
{Heap after GC invocations=2 (full 0):
 garbage-first heap   total 524288K, used 9664K [0x000000060b400000, 0x0000000800000000)
  region size 4096K, 1 young (4096K), 1 survivors (4096K)
 Metaspace       used 11516K, committed 11840K, reserved 1114112K
  class space    used 1560K, committed 1728K, reserved 1048576K
}
Event: 0,946 GC heap before
{Heap before GC invocations=2 (full 0):
 garbage-first heap   total 524288K, used 62912K [0x000000060b400000, 0x0000000800000000)
  region size 4096K, 14 young (57344K), 1 survivors (4096K)
 Metaspace       used 20439K, committed 20736K, reserved 1114112K
  class space    used 2858K, committed 3008K, reserved 1048576K
}
Event: 0,949 GC heap after
{Heap after GC invocations=3 (full 0):
 garbage-first heap   total 524288K, used 14014K [0x000000060b400000, 0x0000000800000000)
  region size 4096K, 2 young (8192K), 2 survivors (8192K)
 Metaspace       used 20439K, committed 20736K, reserved 1114112K
  class space    used 2858K, committed 3008K, reserved 1048576K
}
Event: 0,979 GC heap before
{Heap before GC invocations=3 (full 0):
 garbage-first heap   total 524288K, used 14014K [0x000000060b400000, 0x0000000800000000)
  region size 4096K, 3 young (12288K), 2 survivors (8192K)
 Metaspace       used 21204K, committed 21504K, reserved 1114112K
  class space    used 2932K, committed 3072K, reserved 1048576K
}
Event: 0,982 GC heap after
{Heap after GC invocations=4 (full 0):
 garbage-first heap   total 524288K, used 14491K [0x000000060b400000, 0x0000000800000000)
  region size 4096K, 2 young (8192K), 2 survivors (8192K)
 Metaspace       used 21204K, committed 21504K, reserved 1114112K
  class space    used 2932K, committed 3072K, reserved 1048576K
}
Event: 1,234 GC heap before
{Heap before GC invocations=5 (full 0):
 garbage-first heap   total 81920K, used 55451K [0x000000060b400000, 0x0000000800000000)
  region size 4096K, 13 young (53248K), 2 survivors (8192K)
 Metaspace       used 23612K, committed 24000K, reserved 1114112K
  class space    used 3282K, committed 3456K, reserved 1048576K
}
Event: 1,238 GC heap after
{Heap after GC invocations=6 (full 0):
 garbage-first heap   total 81920K, used 17404K [0x000000060b400000, 0x0000000800000000)
  region size 4096K, 3 young (12288K), 3 survivors (12288K)
 Metaspace       used 23612K, committed 24000K, reserved 1114112K
  class space    used 3282K, committed 3456K, reserved 1048576K
}

