# JRE version: OpenJDK Runtime Environment (17.0.10+7) (build 17.0.10+7-Ubuntu-122.04.1)
# Java VM: OpenJDK 64-Bit Server VM (17.0.10+7-Ubuntu-122.04.1, mixed mode, emulated-client, sharing, tiered, compressed oops, compressed class ptrs, g1 gc, linux-amd64)
Heap:
 garbage-first heap   total 81920K, used 38645K [0x000000060b400000, 0x0000000800000000)
  region size 4096K, 7 young (28672K), 1 survivors (4096K)
 Metaspace       used 33250K, committed 33728K, reserved 1114112K
  class space    used 4517K, committed 4736K, reserved 1048576K
GC Heap History (12 events):
Event: 0,344 GC heap before
{Heap before GC invocations=0 (full 0):
 garbage-first heap   total 524288K, used 28592K [0x000000060b400000, 0x0000000800000000)
  region size 4096K, 6 young (24576K), 0 survivors (0K)
 Metaspace       used 5969K, committed 6208K, reserved 1114112K
  class space    used 848K, committed 960K, reserved 1048576K
}
Event: 0,346 GC heap after
{Heap after GC invocations=1 (full 0):
 garbage-first heap   total 524288K, used 8042K [0x000000060b400000, 0x0000000800000000)
  region size 4096K, 1 young (4096K), 1 survivors (4096K)
 Metaspace       used 5969K, committed 6208K, reserved 1114112K
  class space    used 848K, committed 960K, reserved 1048576K
}
Event: 0,490 GC heap before
{Heap before GC invocations=1 (full 0):
 garbage-first heap   total 524288K, used 32618K [0x000000060b400000, 0x0000000800000000)
  region size 4096K, 7 young (28672K), 1 survivors (4096K)
 Metaspace       used 11605K, committed 11904K, reserved 1114112K
  class space    used 1569K, committed 1728K, reserved 1048576K
}
Event: 0,493 GC heap after
{Heap after GC invocations=2 (full 0):
 garbage-first heap   total 524288K, used 9633K [0x000000060b400000, 0x0000000800000000)
  region size 4096K, 1 young (4096K), 1 survivors (4096K)
 Metaspace       used 11605K, committed 11904K, reserved 1114112K
  class space    used 1569K, committed 1728K, reserved 1048576K
}
Event: 0,951 GC heap before
{Heap before GC invocations=2 (full 0):
 garbage-first heap   total 524288K, used 62881K [0x000000060b400000, 0x0000000800000000)
  region size 4096K, 14 young (57344K), 1 survivors (4096K)
 Metaspace       used 20530K, committed 20928K, reserved 1114112K
  class space    used 2873K, committed 3072K, reserved 1048576K
}
Event: 0,954 GC heap after
{Heap after GC invocations=3 (full 0):
 garbage-first heap   total 524288K, used 14165K [0x000000060b400000, 0x0000000800000000)
  region size 4096K, 2 young (8192K), 2 survivors (8192K)
 Metaspace       used 20530K, committed 20928K, reserved 1114112K
  class space    used 2873K, committed 3072K, reserved 1048576K
}
Event: 0,978 GC heap before
{Heap before GC invocations=3 (full 0):
 garbage-first heap   total 524288K, used 14165K [0x000000060b400000, 0x0000000800000000)
  region size 4096K, 3 young (12288K), 2 survivors (8192K)
 Metaspace       used 21120K, committed 21504K, reserved 1114112K
  class space    used 2933K, committed 3136K, reserved 1048576K
}
Event: 0,981 GC heap after
{Heap after GC invocations=4 (full 0):
 garbage-first heap   total 524288K, used 14637K [0x000000060b400000, 0x0000000800000000)
  region size 4096K, 2 young (8192K), 2 survivors (8192K)
 Metaspace       used 21120K, committed 21504K, reserved 1114112K
  class space    used 2933K, committed 3136K, reserved 1048576K
}
Event: 1,208 GC heap before
{Heap before GC invocations=5 (full 0):
 garbage-first heap   total 81920K, used 55597K [0x000000060b400000, 0x0000000800000000)
  region size 4096K, 13 young (53248K), 2 survivors (8192K)
 Metaspace       used 23664K, committed 24128K, reserved 1114112K
  class space    used 3293K, committed 3520K, reserved 1048576K
}
Event: 1,212 GC heap after
{Heap after GC invocations=6 (full 0):
 garbage-first heap   total 81920K, used 17499K [0x000000060b400000, 0x0000000800000000)
  region size 4096K, 3 young (12288K), 3 survivors (12288K)
 Metaspace       used 23664K, committed 24128K, reserved 1114112K
  class space    used 3293K, committed 3520K, reserved 1048576K
}
Event: 4,888 GC heap before
{Heap before GC invocations=6 (full 0):
 garbage-first heap   total 81920K, used 50267K [0x000000060b400000, 0x0000000800000000)
  region size 4096K, 12 young (49152K), 3 survivors (12288K)
 Metaspace       used 25979K, committed 26496K, reserved 1114112K
  class space    used 3605K, committed 3840K, reserved 1048576K
}
Event: 4,892 GC heap after
{Heap after GC invocations=7 (full 0):
 garbage-first heap   total 81920K, used 17147K [0x000000060b400000, 0x0000000800000000)
  region size 4096K, 1 young (4096K), 1 survivors (4096K)
 Metaspace       used 25979K, committed 26496K, reserved 1114112K
  class space    used 3605K, committed 3840K, reserved 1048576K
}

