# JRE version: OpenJDK Runtime Environment (17.0.10+7) (build 17.0.10+7-Ubuntu-122.04.1)
# Java VM: OpenJDK 64-Bit Server VM (17.0.10+7-Ubuntu-122.04.1, mixed mode, emulated-client, sharing, tiered, compressed oops, compressed class ptrs, g1 gc, linux-amd64)
Heap:
 garbage-first heap   total 81920K, used 52490K [0x000000060b400000, 0x0000000800000000)
  region size 4096K, 12 young (49152K), 3 survivors (12288K)
 Metaspace       used 25331K, committed 25728K, reserved 1114112K
  class space    used 3528K, committed 3712K, reserved 1048576K
GC Heap History (10 events):
Event: 0,349 GC heap before
{Heap before GC invocations=0 (full 0):
 garbage-first heap   total 524288K, used 28592K [0x000000060b400000, 0x0000000800000000)
  region size 4096K, 6 young (24576K), 0 survivors (0K)
 Metaspace       used 5907K, committed 6144K, reserved 1114112K
  class space    used 837K, committed 960K, reserved 1048576K
}
Event: 0,351 GC heap after
{Heap after GC invocations=1 (full 0):
 garbage-first heap   total 524288K, used 8022K [0x000000060b400000, 0x0000000800000000)
  region size 4096K, 1 young (4096K), 1 survivors (4096K)
 Metaspace       used 5907K, committed 6144K, reserved 1114112K
  class space    used 837K, committed 960K, reserved 1048576K
}
Event: 0,489 GC heap before
{Heap before GC invocations=1 (full 0):
 garbage-first heap   total 524288K, used 32598K [0x000000060b400000, 0x0000000800000000)
  region size 4096K, 7 young (28672K), 1 survivors (4096K)
 Metaspace       used 11360K, committed 11648K, reserved 1114112K
  class space    used 1537K, committed 1664K, reserved 1048576K
}
Event: 0,492 GC heap after
{Heap after GC invocations=2 (full 0):
 garbage-first heap   total 524288K, used 9669K [0x000000060b400000, 0x0000000800000000)
  region size 4096K, 1 young (4096K), 1 survivors (4096K)
 Metaspace       used 11360K, committed 11648K, reserved 1114112K
  class space    used 1537K, committed 1664K, reserved 1048576K
}
Event: 0,945 GC heap before
{Heap before GC invocations=2 (full 0):
 garbage-first heap   total 524288K, used 62917K [0x000000060b400000, 0x0000000800000000)
  region size 4096K, 14 young (57344K), 1 survivors (4096K)
 Metaspace       used 20058K, committed 20480K, reserved 1114112K
  class space    used 2828K, committed 3008K, reserved 1048576K
}
Event: 0,948 GC heap after
{Heap after GC invocations=3 (full 0):
 garbage-first heap   total 524288K, used 14050K [0x000000060b400000, 0x0000000800000000)
  region size 4096K, 2 young (8192K), 2 survivors (8192K)
 Metaspace       used 20058K, committed 20480K, reserved 1114112K
  class space    used 2828K, committed 3008K, reserved 1048576K
}
Event: 0,984 GC heap before
{Heap before GC invocations=3 (full 0):
 garbage-first heap   total 524288K, used 14050K [0x000000060b400000, 0x0000000800000000)
  region size 4096K, 3 young (12288K), 2 survivors (8192K)
 Metaspace       used 21127K, committed 21504K, reserved 1114112K
  class space    used 2935K, committed 3136K, reserved 1048576K
}
Event: 0,987 GC heap after
{Heap after GC invocations=4 (full 0):
 garbage-first heap   total 524288K, used 14684K [0x000000060b400000, 0x0000000800000000)
  region size 4096K, 2 young (8192K), 2 survivors (8192K)
 Metaspace       used 21127K, committed 21504K, reserved 1114112K
  class space    used 2935K, committed 3136K, reserved 1048576K
}
Event: 1,193 GC heap before
{Heap before GC invocations=5 (full 0):
 garbage-first heap   total 81920K, used 55644K [0x000000060b400000, 0x0000000800000000)
  region size 4096K, 13 young (53248K), 2 survivors (8192K)
 Metaspace       used 23664K, committed 24128K, reserved 1114112K
  class space    used 3293K, committed 3520K, reserved 1048576K
}
Event: 1,196 GC heap after
{Heap after GC invocations=6 (full 0):
 garbage-first heap   total 81920K, used 17621K [0x000000060b400000, 0x0000000800000000)
  region size 4096K, 3 young (12288K), 3 survivors (12288K)
 Metaspace       used 23664K, committed 24128K, reserved 1114112K
  class space    used 3293K, committed 3520K, reserved 1048576K
}

