# JRE version: OpenJDK Runtime Environment (17.0.10+7) (build 17.0.10+7-Ubuntu-122.04.1)
# Java VM: OpenJDK 64-Bit Server VM (17.0.10+7-Ubuntu-122.04.1, mixed mode, emulated-client, sharing, tiered, compressed oops, compressed class ptrs, g1 gc, linux-amd64)
Heap:
 garbage-first heap   total 81920K, used 36909K [0x000000060b400000, 0x0000000800000000)
  region size 4096K, 6 young (24576K), 1 survivors (4096K)
 Metaspace       used 33175K, committed 33664K, reserved 1114112K
  class space    used 4508K, committed 4736K, reserved 1048576K
GC Heap History (12 events):
Event: 0,324 GC heap before
{Heap before GC invocations=0 (full 0):
 garbage-first heap   total 524288K, used 28592K [0x000000060b400000, 0x0000000800000000)
  region size 4096K, 6 young (24576K), 0 survivors (0K)
 Metaspace       used 5907K, committed 6144K, reserved 1114112K
  class space    used 837K, committed 960K, reserved 1048576K
}
Event: 0,326 GC heap after
{Heap after GC invocations=1 (full 0):
 garbage-first heap   total 524288K, used 8010K [0x000000060b400000, 0x0000000800000000)
  region size 4096K, 1 young (4096K), 1 survivors (4096K)
 Metaspace       used 5907K, committed 6144K, reserved 1114112K
  class space    used 837K, committed 960K, reserved 1048576K
}
Event: 0,461 GC heap before
{Heap before GC invocations=1 (full 0):
 garbage-first heap   total 524288K, used 32586K [0x000000060b400000, 0x0000000800000000)
  region size 4096K, 7 young (28672K), 1 survivors (4096K)
 Metaspace       used 11531K, committed 11840K, reserved 1114112K
  class space    used 1560K, committed 1728K, reserved 1048576K
}
Event: 0,463 GC heap after
{Heap after GC invocations=2 (full 0):
 garbage-first heap   total 524288K, used 9778K [0x000000060b400000, 0x0000000800000000)
  region size 4096K, 1 young (4096K), 1 survivors (4096K)
 Metaspace       used 11531K, committed 11840K, reserved 1114112K
  class space    used 1560K, committed 1728K, reserved 1048576K
}
Event: 0,914 GC heap before
{Heap before GC invocations=2 (full 0):
 garbage-first heap   total 524288K, used 63026K [0x000000060b400000, 0x0000000800000000)
  region size 4096K, 14 young (57344K), 1 survivors (4096K)
 Metaspace       used 20405K, committed 20800K, reserved 1114112K
  class space    used 2863K, committed 3072K, reserved 1048576K
}
Event: 0,916 GC heap after
{Heap after GC invocations=3 (full 0):
 garbage-first heap   total 524288K, used 14100K [0x000000060b400000, 0x0000000800000000)
  region size 4096K, 2 young (8192K), 2 survivors (8192K)
 Metaspace       used 20405K, committed 20800K, reserved 1114112K
  class space    used 2863K, committed 3072K, reserved 1048576K
}
Event: 0,943 GC heap before
{Heap before GC invocations=3 (full 0):
 garbage-first heap   total 524288K, used 14100K [0x000000060b400000, 0x0000000800000000)
  region size 4096K, 3 young (12288K), 2 survivors (8192K)
 Metaspace       used 21127K, committed 21504K, reserved 1114112K
  class space    used 2935K, committed 3136K, reserved 1048576K
}
Event: 0,946 GC heap after
{Heap after GC invocations=4 (full 0):
 garbage-first heap   total 524288K, used 14509K [0x000000060b400000, 0x0000000800000000)
  region size 4096K, 2 young (8192K), 2 survivors (8192K)
 Metaspace       used 21127K, committed 21504K, reserved 1114112K
  class space    used 2935K, committed 3136K, reserved 1048576K
}
Event: 1,149 GC heap before
{Heap before GC invocations=5 (full 0):
 garbage-first heap   total 81920K, used 55469K [0x000000060b400000, 0x0000000800000000)
  region size 4096K, 13 young (53248K), 2 survivors (8192K)
 Metaspace       used 23663K, committed 24128K, reserved 1114112K
  class space    used 3293K, committed 3520K, reserved 1048576K
}
Event: 1,152 GC heap after
{Heap after GC invocations=6 (full 0):
 garbage-first heap   total 81920K, used 17655K [0x000000060b400000, 0x0000000800000000)
  region size 4096K, 3 young (12288K), 3 survivors (12288K)
 Metaspace       used 23663K, committed 24128K, reserved 1114112K
  class space    used 3293K, committed 3520K, reserved 1048576K
}
Event: 9,968 GC heap before
{Heap before GC invocations=6 (full 0):
 garbage-first heap   total 81920K, used 54519K [0x000000060b400000, 0x0000000800000000)
  region size 4096K, 12 young (49152K), 3 survivors (12288K)
 Metaspace       used 25978K, committed 26496K, reserved 1114112K
  class space    used 3605K, committed 3840K, reserved 1048576K
}
Event: 9,972 GC heap after
{Heap after GC invocations=7 (full 0):
 garbage-first heap   total 81920K, used 17325K [0x000000060b400000, 0x0000000800000000)
  region size 4096K, 1 young (4096K), 1 survivors (4096K)
 Metaspace       used 25978K, committed 26496K, reserved 1114112K
  class space    used 3605K, committed 3840K, reserved 1048576K
}

